[${ctx:ROUTINGKEYLOG} INFO ] 2024-08-07 06:57:14.525 BaseClass:29 - *********** Execution started ***********
[${ctx:ROUTINGKEYLOG} INFO ] 2024-08-07 06:57:28.047 BaseClass:31 - Launched chrome, Opened https://opensource-demo.orangehrmlive.com/web/index.php/auth/login
[${ctx:ROUTINGKEYLOG} INFO ] 2024-08-07 06:57:28.100 BaseClass:41 - Login page is succesfully launched!!!!!!!!!!!
[${ctx:ROUTINGKEYLOG} INFO ] 2024-08-07 06:57:28.761 BaseClass:23 - User eneters Admin into User Name
[${ctx:ROUTINGKEYLOG} INFO ] 2024-08-07 06:57:29.014 BaseClass:23 - User eneters admin123 into Password
[${ctx:ROUTINGKEYLOG} INFO ] 2024-08-07 06:57:30.288 BaseClass:30 - User clicks on Login
[${ctx:ROUTINGKEYLOG} INFO ] 2024-08-07 06:57:30.760 BaseClass:29 - Succefully Loggedin!!!!!!!!!!!
[${ctx:ROUTINGKEYLOG} INFO ] 2024-08-07 06:57:30.776 BaseClass:36 - *********** Execution complted ***********
[${ctx:ROUTINGKEYLOG} INFO ] 2024-08-07 07:33:58.905 BaseClass:33 - *********** Execution started ***********
[${ctx:ROUTINGKEYLOG} INFO ] 2024-08-07 07:34:11.567 BaseClass:55 - Launched chrome, Opened https://opensource-demo.orangehrmlive.com/web/index.php/auth/login
[${ctx:ROUTINGKEYLOG} INFO ] 2024-08-07 07:34:11.632 BaseClass:38 - Login page is succesfully launched!!!!!!!!!!!
[${ctx:ROUTINGKEYLOG} INFO ] 2024-08-07 07:34:12.406 BaseClass:55 - User eneters Admin into User Name
[${ctx:ROUTINGKEYLOG} INFO ] 2024-08-07 07:34:12.600 BaseClass:55 - User eneters admin123 into Password
[${ctx:ROUTINGKEYLOG} INFO ] 2024-08-07 07:34:13.868 BaseClass:55 - User clicks on Login
[${ctx:ROUTINGKEYLOG} INFO ] 2024-08-07 07:34:14.351 BaseClass:33 - Succefully Loggedin!!!!!!!!!!!
[${ctx:ROUTINGKEYLOG} INFO ] 2024-08-07 07:34:14.372 BaseClass:55 - *********** Execution complted ***********
[${ctx:ROUTINGKEYLOG} INFO ] 2024-08-07 07:36:03.191 BaseClass:33 - *********** Execution started ***********
[${ctx:ROUTINGKEYLOG} INFO ] 2024-08-07 07:36:14.878 BaseClass:55 - Launched chrome, Opened https://opensource-demo.orangehrmlive.com/web/index.php/auth/login
[${ctx:ROUTINGKEYLOG} INFO ] 2024-08-07 07:36:14.935 BaseClass:38 - Login page is succesfully launched!!!!!!!!!!!
[${ctx:ROUTINGKEYLOG} INFO ] 2024-08-07 07:36:16.408 BaseClass:55 - User eneters Admin into User Name
[${ctx:ROUTINGKEYLOG} INFO ] 2024-08-07 07:36:16.629 BaseClass:55 - User eneters admin123 into Password
[${ctx:ROUTINGKEYLOG} INFO ] 2024-08-07 07:36:16.785 BaseClass:55 - User clicks on Login
[${ctx:ROUTINGKEYLOG} INFO ] 2024-08-07 07:36:18.394 BaseClass:33 - Succefully Loggedin!!!!!!!!!!!
[${ctx:ROUTINGKEYLOG} INFO ] 2024-08-07 07:36:18.412 BaseClass:55 - *********** Execution complted ***********
[${ctx:ROUTINGKEYLOG} INFO ] 2024-08-07 07:36:34.327 BaseClass:33 - *********** Execution started ***********
[${ctx:ROUTINGKEYLOG} INFO ] 2024-08-07 07:36:47.646 BaseClass:55 - Launched chrome, Opened https://opensource-demo.orangehrmlive.com/web/index.php/auth/login
[${ctx:ROUTINGKEYLOG} INFO ] 2024-08-07 07:36:47.710 BaseClass:38 - Login page is succesfully launched!!!!!!!!!!!
[${ctx:ROUTINGKEYLOG} INFO ] 2024-08-07 07:36:48.889 BaseClass:55 - User eneters Admin into User Name
[${ctx:ROUTINGKEYLOG} INFO ] 2024-08-07 07:36:49.050 BaseClass:55 - User eneters admin123 into Password
[${ctx:ROUTINGKEYLOG} INFO ] 2024-08-07 07:36:49.181 BaseClass:55 - User clicks on Login
[${ctx:ROUTINGKEYLOG} INFO ] 2024-08-07 07:36:50.973 BaseClass:33 - Succefully Loggedin!!!!!!!!!!!
[${ctx:ROUTINGKEYLOG} INFO ] 2024-08-07 07:36:50.982 BaseClass:55 - *********** Execution complted ***********
[${ctx:ROUTINGKEYLOG} INFO ] 2024-08-07 07:36:51.921 BaseClass:33 - *********** Execution started ***********
[${ctx:ROUTINGKEYLOG} INFO ] 2024-08-07 07:37:12.680 BaseClass:55 - Launched chrome, Opened https://opensource-demo.orangehrmlive.com/web/index.php/auth/login
[${ctx:ROUTINGKEYLOG} INFO ] 2024-08-07 07:37:12.696 BaseClass:38 - Login page is succesfully launched!!!!!!!!!!!
[${ctx:ROUTINGKEYLOG} INFO ] 2024-08-07 07:37:13.475 BaseClass:55 - User eneters Admin into User Name
[${ctx:ROUTINGKEYLOG} INFO ] 2024-08-07 07:37:13.651 BaseClass:55 - User eneters admin123 into Password
[${ctx:ROUTINGKEYLOG} INFO ] 2024-08-07 07:37:15.072 BaseClass:55 - User clicks on Login
[${ctx:ROUTINGKEYLOG} INFO ] 2024-08-07 07:37:15.579 BaseClass:33 - Succefully Loggedin!!!!!!!!!!!
[${ctx:ROUTINGKEYLOG} INFO ] 2024-08-07 07:37:15.585 BaseClass:55 - *********** Execution complted ***********
[${ctx:ROUTINGKEYLOG} INFO ] 2024-08-07 07:39:46.705 BaseClass:33 - *********** Execution started ***********
[${ctx:ROUTINGKEYLOG} INFO ] 2024-08-07 07:40:01.738 BaseClass:55 - Launched chrome, Opened https://opensource-demo.orangehrmlive.com/web/index.php/auth/login
[${ctx:ROUTINGKEYLOG} INFO ] 2024-08-07 07:40:04.793 BaseClass:38 - Login page is succesfully launched!!!!!!!!!!!
[${ctx:ROUTINGKEYLOG} INFO ] 2024-08-07 07:40:05.129 BaseClass:55 - User eneters Admin into User Name
[${ctx:ROUTINGKEYLOG} INFO ] 2024-08-07 07:40:05.321 BaseClass:55 - User eneters admin123 into Password
[${ctx:ROUTINGKEYLOG} INFO ] 2024-08-07 07:40:06.657 BaseClass:55 - User clicks on Login
[${ctx:ROUTINGKEYLOG} INFO ] 2024-08-07 07:40:07.154 BaseClass:33 - Succefully Loggedin!!!!!!!!!!!
[${ctx:ROUTINGKEYLOG} INFO ] 2024-08-07 07:40:07.162 BaseClass:55 - *********** Execution complted ***********
[${ctx:ROUTINGKEYLOG} INFO ] 2024-08-07 07:40:08.927 BaseClass:33 - *********** Execution started ***********
[${ctx:ROUTINGKEYLOG} INFO ] 2024-08-07 07:40:12.379 BaseClass:55 - Launched chrome, Opened https://opensource-demo.orangehrmlive.com/web/index.php/auth/login
[${ctx:ROUTINGKEYLOG} INFO ] 2024-08-07 07:40:19.924 BaseClass:38 - Login page is succesfully launched!!!!!!!!!!!
[${ctx:ROUTINGKEYLOG} INFO ] 2024-08-07 07:40:20.671 BaseClass:55 - User eneters Admin into User Name
[${ctx:ROUTINGKEYLOG} INFO ] 2024-08-07 07:40:20.868 BaseClass:55 - User eneters admin123 into Password
[${ctx:ROUTINGKEYLOG} INFO ] 2024-08-07 07:40:22.262 BaseClass:55 - User clicks on Login
[${ctx:ROUTINGKEYLOG} INFO ] 2024-08-07 07:40:22.861 BaseClass:33 - Succefully Loggedin!!!!!!!!!!!
[${ctx:ROUTINGKEYLOG} INFO ] 2024-08-07 07:40:22.876 BaseClass:55 - *********** Execution complted ***********
[${ctx:ROUTINGKEYLOG} INFO ] 2024-08-07 07:42:22.020 BaseClass:33 - *********** Execution started ***********
[${ctx:ROUTINGKEYLOG} INFO ] 2024-08-07 07:42:34.041 BaseClass:55 - Launched chrome, Opened https://opensource-demo.orangehrmlive.com/web/index.php/auth/login
[${ctx:ROUTINGKEYLOG} INFO ] 2024-08-07 07:42:34.669 BaseClass:55 - User eneters Admin into User Name
[${ctx:ROUTINGKEYLOG} INFO ] 2024-08-07 07:42:34.670 BaseClass:38 - Login page is succesfully launched!!!!!!!!!!!
[${ctx:ROUTINGKEYLOG} INFO ] 2024-08-07 07:42:35.193 BaseClass:55 - User eneters admin123 into Password
[${ctx:ROUTINGKEYLOG} INFO ] 2024-08-07 07:42:36.519 BaseClass:55 - User clicks on Login
[${ctx:ROUTINGKEYLOG} INFO ] 2024-08-07 07:42:36.987 BaseClass:33 - Succefully Loggedin!!!!!!!!!!!
[${ctx:ROUTINGKEYLOG} INFO ] 2024-08-07 07:42:36.999 BaseClass:55 - *********** Execution complted ***********
[${ctx:ROUTINGKEYLOG} INFO ] 2024-08-07 07:44:02.219 BaseClass:33 - *********** Execution started ***********
[${ctx:ROUTINGKEYLOG} INFO ] 2024-08-07 07:44:13.521 BaseClass:55 - Launched chrome, Opened https://opensource-demo.orangehrmlive.com/web/index.php/auth/login
[${ctx:ROUTINGKEYLOG} INFO ] 2024-08-07 07:44:13.599 BaseClass:55 - *********** Execution complted ***********
[${ctx:ROUTINGKEYLOG} INFO ] 2024-08-07 07:47:32.195 BaseClass:33 - *********** Execution started ***********
[${ctx:ROUTINGKEYLOG} INFO ] 2024-08-07 07:47:44.095 BaseClass:55 - Launched chrome, Opened https://opensource-demo.orangehrmlive.com/web/index.php/auth/login
[${ctx:ROUTINGKEYLOG} INFO ] 2024-08-07 07:47:44.172 BaseClass:55 - *********** Execution complted ***********
[${ctx:ROUTINGKEYLOG} INFO ] 2024-08-07 07:48:42.735 BaseClass:33 - *********** Execution started ***********
[${ctx:ROUTINGKEYLOG} INFO ] 2024-08-07 07:48:54.836 BaseClass:55 - Launched chrome, Opened https://opensource-demo.orangehrmlive.com/web/index.php/auth/login
[${ctx:ROUTINGKEYLOG} INFO ] 2024-08-07 07:48:54.910 BaseClass:44 - Test case failed due to : Login page not launched!!!!!!!!!!! expected [OrangeHRMjff] but found [OrangeHRM]
[${ctx:ROUTINGKEYLOG} INFO ] 2024-08-07 07:48:54.918 BaseClass:55 - *********** Execution complted ***********
